Base path: D:/Program Files (x86)/Unity/Editor/Data
Pipe name: \\.\pipe\UnityShaderCompiler-1-5604
Cmd: getPlatforms
Cmd: preprocess
  error: 1 plat 12 at (1392): Compiling shaders to OpenGL ES 2.0, Xbox 360, PS3, Flash or DX11 requires both vertex and fragment programs
  insize=2225 outsize=2996 ok=1
Cmd: compileSnippet
  api=1 type=0 insize=4876 outsize=595 kw=DIRECTIONAL SHADOWS_OFF LIGHTMAP_OFF DIRLIGHTMAP_OFF ok=1
Cmd: compileSnippet
  api=1 type=1 insize=4876 outsize=285 kw=DIRECTIONAL SHADOWS_OFF LIGHTMAP_OFF DIRLIGHTMAP_OFF ok=1
Cmd: compileSnippet
  api=1 type=0 insize=2852 outsize=383 kw=POINT ok=1
Cmd: compileSnippet
  api=1 type=1 insize=2852 outsize=418 kw=POINT ok=1
Cmd: compileSnippet
  api=1 type=0 insize=2380 outsize=190 kw= ok=1
Cmd: compileSnippet
  api=1 type=1 insize=2380 outsize=118 kw= ok=1
Cmd: compileSnippet
  api=1 type=0 insize=4593 outsize=639 kw=LIGHTMAP_OFF DIRLIGHTMAP_OFF HDR_LIGHT_PREPASS_OFF ok=1
Cmd: compileSnippet
  api=1 type=1 insize=4593 outsize=235 kw=LIGHTMAP_OFF DIRLIGHTMAP_OFF HDR_LIGHT_PREPASS_OFF ok=1
Cmd: compileSnippet
  api=1 type=0 insize=936 outsize=316 kw= ok=1
Cmd: compileSnippet
  api=1 type=1 insize=936 outsize=29 kw= ok=1
Cmd: compileSnippet
  api=1 type=0 insize=4877 outsize=595 kw=DIRECTIONAL SHADOWS_OFF LIGHTMAP_OFF DIRLIGHTMAP_OFF ok=1
Cmd: compileSnippet
  api=1 type=1 insize=4877 outsize=285 kw=DIRECTIONAL SHADOWS_OFF LIGHTMAP_OFF DIRLIGHTMAP_OFF ok=1
Cmd: compileSnippet
  api=1 type=0 insize=2852 outsize=383 kw=POINT ok=1
Cmd: compileSnippet
  api=1 type=1 insize=2852 outsize=418 kw=POINT ok=1
Cmd: compileSnippet
  api=1 type=0 insize=2381 outsize=190 kw= ok=1
Cmd: compileSnippet
  api=1 type=1 insize=2381 outsize=118 kw= ok=1
Cmd: compileSnippet
  api=1 type=0 insize=4594 outsize=639 kw=LIGHTMAP_OFF DIRLIGHTMAP_OFF HDR_LIGHT_PREPASS_OFF ok=1
Cmd: compileSnippet
  api=1 type=1 insize=4594 outsize=235 kw=LIGHTMAP_OFF DIRLIGHTMAP_OFF HDR_LIGHT_PREPASS_OFF ok=1
Cmd: compileSnippet
  api=1 type=0 insize=911 outsize=316 kw= ok=1
Cmd: compileSnippet
  api=1 type=0 insize=2852 outsize=253 kw=DIRECTIONAL ok=1
Cmd: compileSnippet
  api=1 type=1 insize=2852 outsize=283 kw=DIRECTIONAL ok=1
Cmd: compileSnippet
  api=1 type=0 insize=4876 outsize=719 kw=DIRECTIONAL SHADOWS_SCREEN LIGHTMAP_OFF DIRLIGHTMAP_OFF ok=1
Cmd: compileSnippet
  api=1 type=1 insize=4876 outsize=340 kw=DIRECTIONAL SHADOWS_SCREEN LIGHTMAP_OFF DIRLIGHTMAP_OFF ok=1
